# JRE version: OpenJDK Runtime Environment (17.0.7) (build 17.0.7+0-b2043.56-10550314)
# Java VM: OpenJDK 64-Bit Server VM (17.0.7+0-b2043.56-10550314, mixed mode, tiered, compressed oops, compressed class ptrs, g1 gc, windows-amd64)
GC Precious Log:
 CPUs: 12 total, 12 available
 Memory: 7563M
 Large Page Support: Disabled
 NUMA Support: Disabled
 Compressed Oops: Enabled (32-bit)
 Heap Region Size: 1M
 Heap Min Capacity: 8M
 Heap Initial Capacity: 120M
 Heap Max Capacity: 2G
 Pre-touch: Disabled
 Parallel Workers: 10
 Concurrent Workers: 3
 Concurrent Refinement Workers: 10
 Periodic GC: Disabled
Heap:
 garbage-first heap   total 327680K, used 209032K [0x0000000080000000, 0x0000000100000000)
  region size 1024K, 10 young (10240K), 6 survivors (6144K)
 Metaspace       used 120870K, committed 121856K, reserved 1179648K
  class space    used 16275K, committed 16768K, reserved 1048576K
GC Heap History (20 events):
Event: 32.197 GC heap before
{Heap before GC invocations=63 (full 0):
 garbage-first heap   total 291840K, used 228838K [0x0000000080000000, 0x0000000100000000)
  region size 1024K, 54 young (55296K), 1 survivors (1024K)
 Metaspace       used 103622K, committed 104448K, reserved 1179648K
  class space    used 14142K, committed 14528K, reserved 1048576K
}
Event: 32.200 GC heap after
{Heap after GC invocations=64 (full 0):
 garbage-first heap   total 291840K, used 176782K [0x0000000080000000, 0x0000000100000000)
  region size 1024K, 3 young (3072K), 3 survivors (3072K)
 Metaspace       used 103622K, committed 104448K, reserved 1179648K
  class space    used 14142K, committed 14528K, reserved 1048576K
}
Event: 34.528 GC heap before
{Heap before GC invocations=65 (full 0):
 garbage-first heap   total 299008K, used 233102K [0x0000000080000000, 0x0000000100000000)
  region size 1024K, 58 young (59392K), 3 survivors (3072K)
 Metaspace       used 103622K, committed 104448K, reserved 1179648K
  class space    used 14142K, committed 14528K, reserved 1048576K
}
Event: 34.532 GC heap after
{Heap after GC invocations=66 (full 0):
 garbage-first heap   total 299008K, used 179508K [0x0000000080000000, 0x0000000100000000)
  region size 1024K, 6 young (6144K), 6 survivors (6144K)
 Metaspace       used 103622K, committed 104448K, reserved 1179648K
  class space    used 14142K, committed 14528K, reserved 1048576K
}
Event: 34.730 GC heap before
{Heap before GC invocations=66 (full 0):
 garbage-first heap   total 299008K, used 187700K [0x0000000080000000, 0x0000000100000000)
  region size 1024K, 14 young (14336K), 6 survivors (6144K)
 Metaspace       used 103622K, committed 104448K, reserved 1179648K
  class space    used 14142K, committed 14528K, reserved 1048576K
}
Event: 34.733 GC heap after
{Heap after GC invocations=67 (full 0):
 garbage-first heap   total 299008K, used 179659K [0x0000000080000000, 0x0000000100000000)
  region size 1024K, 1 young (1024K), 1 survivors (1024K)
 Metaspace       used 103622K, committed 104448K, reserved 1179648K
  class space    used 14142K, committed 14528K, reserved 1048576K
}
Event: 36.410 GC heap before
{Heap before GC invocations=67 (full 0):
 garbage-first heap   total 299008K, used 241099K [0x0000000080000000, 0x0000000100000000)
  region size 1024K, 61 young (62464K), 1 survivors (1024K)
 Metaspace       used 103622K, committed 104448K, reserved 1179648K
  class space    used 14142K, committed 14528K, reserved 1048576K
}
Event: 36.413 GC heap after
{Heap after GC invocations=68 (full 0):
 garbage-first heap   total 299008K, used 182109K [0x0000000080000000, 0x0000000100000000)
  region size 1024K, 4 young (4096K), 4 survivors (4096K)
 Metaspace       used 103622K, committed 104448K, reserved 1179648K
  class space    used 14142K, committed 14528K, reserved 1048576K
}
Event: 38.012 GC heap before
{Heap before GC invocations=69 (full 0):
 garbage-first heap   total 311296K, used 261981K [0x0000000080000000, 0x0000000100000000)
  region size 1024K, 65 young (66560K), 4 survivors (4096K)
 Metaspace       used 108391K, committed 109248K, reserved 1179648K
  class space    used 14707K, committed 15104K, reserved 1048576K
}
Event: 38.020 GC heap after
{Heap after GC invocations=70 (full 0):
 garbage-first heap   total 311296K, used 190363K [0x0000000080000000, 0x0000000100000000)
  region size 1024K, 9 young (9216K), 9 survivors (9216K)
 Metaspace       used 108391K, committed 109248K, reserved 1179648K
  class space    used 14707K, committed 15104K, reserved 1048576K
}
Event: 38.121 GC heap before
{Heap before GC invocations=70 (full 0):
 garbage-first heap   total 311296K, used 196507K [0x0000000080000000, 0x0000000100000000)
  region size 1024K, 15 young (15360K), 9 survivors (9216K)
 Metaspace       used 108909K, committed 109760K, reserved 1179648K
  class space    used 14824K, committed 15232K, reserved 1048576K
}
Event: 38.127 GC heap after
{Heap after GC invocations=71 (full 0):
 garbage-first heap   total 311296K, used 191481K [0x0000000080000000, 0x0000000100000000)
  region size 1024K, 2 young (2048K), 2 survivors (2048K)
 Metaspace       used 108909K, committed 109760K, reserved 1179648K
  class space    used 14824K, committed 15232K, reserved 1048576K
}
Event: 39.240 GC heap before
{Heap before GC invocations=71 (full 0):
 garbage-first heap   total 311296K, used 253945K [0x0000000080000000, 0x0000000100000000)
  region size 1024K, 63 young (64512K), 2 survivors (2048K)
 Metaspace       used 115429K, committed 116224K, reserved 1179648K
  class space    used 15632K, committed 16000K, reserved 1048576K
}
Event: 39.244 GC heap after
{Heap after GC invocations=72 (full 0):
 garbage-first heap   total 311296K, used 194027K [0x0000000080000000, 0x0000000100000000)
  region size 1024K, 4 young (4096K), 4 survivors (4096K)
 Metaspace       used 115429K, committed 116224K, reserved 1179648K
  class space    used 15632K, committed 16000K, reserved 1048576K
}
Event: 39.990 GC heap before
{Heap before GC invocations=73 (full 0):
 garbage-first heap   total 327680K, used 255467K [0x0000000080000000, 0x0000000100000000)
  region size 1024K, 65 young (66560K), 4 survivors (4096K)
 Metaspace       used 116306K, committed 117120K, reserved 1179648K
  class space    used 15694K, committed 16064K, reserved 1048576K
}
Event: 39.998 GC heap after
{Heap after GC invocations=74 (full 0):
 garbage-first heap   total 327680K, used 200106K [0x0000000080000000, 0x0000000100000000)
  region size 1024K, 9 young (9216K), 9 survivors (9216K)
 Metaspace       used 116306K, committed 117120K, reserved 1179648K
  class space    used 15694K, committed 16064K, reserved 1048576K
}
Event: 40.073 GC heap before
{Heap before GC invocations=74 (full 0):
 garbage-first heap   total 327680K, used 207274K [0x0000000080000000, 0x0000000100000000)
  region size 1024K, 16 young (16384K), 9 survivors (9216K)
 Metaspace       used 116541K, committed 117376K, reserved 1179648K
  class space    used 15727K, committed 16128K, reserved 1048576K
}
Event: 40.080 GC heap after
{Heap after GC invocations=75 (full 0):
 garbage-first heap   total 327680K, used 201548K [0x0000000080000000, 0x0000000100000000)
  region size 1024K, 2 young (2048K), 2 survivors (2048K)
 Metaspace       used 116541K, committed 117376K, reserved 1179648K
  class space    used 15727K, committed 16128K, reserved 1048576K
}
Event: 41.125 GC heap before
{Heap before GC invocations=75 (full 0):
 garbage-first heap   total 327680K, used 270156K [0x0000000080000000, 0x0000000100000000)
  region size 1024K, 69 young (70656K), 2 survivors (2048K)
 Metaspace       used 120742K, committed 121664K, reserved 1179648K
  class space    used 16252K, committed 16704K, reserved 1048576K
}
Event: 41.130 GC heap after
{Heap after GC invocations=76 (full 0):
 garbage-first heap   total 327680K, used 205960K [0x0000000080000000, 0x0000000100000000)
  region size 1024K, 6 young (6144K), 6 survivors (6144K)
 Metaspace       used 120742K, committed 121664K, reserved 1179648K
  class space    used 16252K, committed 16704K, reserved 1048576K
}

