# JRE version: OpenJDK Runtime Environment (17.0.7) (build 17.0.7+0-b2043.56-10550314)
# Java VM: OpenJDK 64-Bit Server VM (17.0.7+0-b2043.56-10550314, mixed mode, tiered, compressed oops, compressed class ptrs, g1 gc, windows-amd64)
GC Precious Log:
 CPUs: 12 total, 12 available
 Memory: 7563M
 Large Page Support: Disabled
 NUMA Support: Disabled
 Compressed Oops: Enabled (32-bit)
 Heap Region Size: 1M
 Heap Min Capacity: 8M
 Heap Initial Capacity: 120M
 Heap Max Capacity: 2G
 Pre-touch: Disabled
 Parallel Workers: 10
 Concurrent Workers: 3
 Concurrent Refinement Workers: 10
 Periodic GC: Disabled
Heap:
 garbage-first heap   total 390144K, used 294605K [0x0000000080000000, 0x0000000100000000)
  region size 1024K, 8 young (8192K), 6 survivors (6144K)
 Metaspace       used 126970K, committed 127936K, reserved 1179648K
  class space    used 17821K, committed 18240K, reserved 1048576K
GC Heap History (20 events):
Event: 28.682 GC heap before
{Heap before GC invocations=86 (full 0):
 garbage-first heap   total 390144K, used 339441K [0x0000000080000000, 0x0000000100000000)
  region size 1024K, 153 young (156672K), 9 survivors (9216K)
 Metaspace       used 125954K, committed 126784K, reserved 1179648K
  class space    used 17713K, committed 18112K, reserved 1048576K
}
Event: 28.688 GC heap after
{Heap after GC invocations=87 (full 0):
 garbage-first heap   total 390144K, used 192306K [0x0000000080000000, 0x0000000100000000)
  region size 1024K, 8 young (8192K), 8 survivors (8192K)
 Metaspace       used 125954K, committed 126784K, reserved 1179648K
  class space    used 17713K, committed 18112K, reserved 1048576K
}
Event: 29.100 GC heap before
{Heap before GC invocations=87 (full 0):
 garbage-first heap   total 390144K, used 340786K [0x0000000080000000, 0x0000000100000000)
  region size 1024K, 153 young (156672K), 8 survivors (8192K)
 Metaspace       used 125958K, committed 126848K, reserved 1179648K
  class space    used 17713K, committed 18112K, reserved 1048576K
}
Event: 29.107 GC heap after
{Heap after GC invocations=88 (full 0):
 garbage-first heap   total 390144K, used 192943K [0x0000000080000000, 0x0000000100000000)
  region size 1024K, 8 young (8192K), 8 survivors (8192K)
 Metaspace       used 125958K, committed 126848K, reserved 1179648K
  class space    used 17713K, committed 18112K, reserved 1048576K
}
Event: 29.518 GC heap before
{Heap before GC invocations=88 (full 0):
 garbage-first heap   total 390144K, used 340399K [0x0000000080000000, 0x0000000100000000)
  region size 1024K, 152 young (155648K), 8 survivors (8192K)
 Metaspace       used 125962K, committed 126848K, reserved 1179648K
  class space    used 17713K, committed 18112K, reserved 1048576K
}
Event: 29.524 GC heap after
{Heap after GC invocations=89 (full 0):
 garbage-first heap   total 390144K, used 193338K [0x0000000080000000, 0x0000000100000000)
  region size 1024K, 8 young (8192K), 8 survivors (8192K)
 Metaspace       used 125962K, committed 126848K, reserved 1179648K
  class space    used 17713K, committed 18112K, reserved 1048576K
}
Event: 29.923 GC heap before
{Heap before GC invocations=89 (full 0):
 garbage-first heap   total 390144K, used 340794K [0x0000000080000000, 0x0000000100000000)
  region size 1024K, 152 young (155648K), 8 survivors (8192K)
 Metaspace       used 126080K, committed 126912K, reserved 1179648K
  class space    used 17721K, committed 18112K, reserved 1048576K
}
Event: 29.931 GC heap after
{Heap after GC invocations=90 (full 0):
 garbage-first heap   total 390144K, used 196069K [0x0000000080000000, 0x0000000100000000)
  region size 1024K, 10 young (10240K), 10 survivors (10240K)
 Metaspace       used 126080K, committed 126912K, reserved 1179648K
  class space    used 17721K, committed 18112K, reserved 1048576K
}
Event: 30.447 GC heap before
{Heap before GC invocations=90 (full 0):
 garbage-first heap   total 390144K, used 343525K [0x0000000080000000, 0x0000000100000000)
  region size 1024K, 149 young (152576K), 10 survivors (10240K)
 Metaspace       used 126151K, committed 126976K, reserved 1179648K
  class space    used 17728K, committed 18112K, reserved 1048576K
}
Event: 30.453 GC heap after
{Heap after GC invocations=91 (full 0):
 garbage-first heap   total 390144K, used 194613K [0x0000000080000000, 0x0000000100000000)
  region size 1024K, 8 young (8192K), 8 survivors (8192K)
 Metaspace       used 126151K, committed 126976K, reserved 1179648K
  class space    used 17728K, committed 18112K, reserved 1048576K
}
Event: 31.235 GC heap before
{Heap before GC invocations=91 (full 0):
 garbage-first heap   total 390144K, used 343093K [0x0000000080000000, 0x0000000100000000)
  region size 1024K, 151 young (154624K), 8 survivors (8192K)
 Metaspace       used 126161K, committed 126976K, reserved 1179648K
  class space    used 17729K, committed 18112K, reserved 1048576K
}
Event: 31.242 GC heap after
{Heap after GC invocations=92 (full 0):
 garbage-first heap   total 390144K, used 198662K [0x0000000080000000, 0x0000000100000000)
  region size 1024K, 10 young (10240K), 10 survivors (10240K)
 Metaspace       used 126161K, committed 126976K, reserved 1179648K
  class space    used 17729K, committed 18112K, reserved 1048576K
}
Event: 31.788 GC heap before
{Heap before GC invocations=92 (full 0):
 garbage-first heap   total 390144K, used 257030K [0x0000000080000000, 0x0000000100000000)
  region size 1024K, 51 young (52224K), 10 survivors (10240K)
 Metaspace       used 126559K, committed 127424K, reserved 1179648K
  class space    used 17772K, committed 18176K, reserved 1048576K
}
Event: 31.796 GC heap after
{Heap after GC invocations=93 (full 0):
 garbage-first heap   total 390144K, used 220565K [0x0000000080000000, 0x0000000100000000)
  region size 1024K, 15 young (15360K), 15 survivors (15360K)
 Metaspace       used 126559K, committed 127424K, reserved 1179648K
  class space    used 17772K, committed 18176K, reserved 1048576K
}
Event: 32.098 GC heap before
{Heap before GC invocations=93 (full 0):
 garbage-first heap   total 390144K, used 256405K [0x0000000080000000, 0x0000000100000000)
  region size 1024K, 26 young (26624K), 15 survivors (15360K)
 Metaspace       used 126954K, committed 127808K, reserved 1179648K
  class space    used 17843K, committed 18240K, reserved 1048576K
}
Event: 32.110 GC heap after
{Heap after GC invocations=94 (full 0):
 garbage-first heap   total 390144K, used 242664K [0x0000000080000000, 0x0000000100000000)
  region size 1024K, 6 young (6144K), 6 survivors (6144K)
 Metaspace       used 126954K, committed 127808K, reserved 1179648K
  class space    used 17843K, committed 18240K, reserved 1048576K
}
Event: 32.313 GC heap before
{Heap before GC invocations=94 (full 0):
 garbage-first heap   total 390144K, used 347112K [0x0000000080000000, 0x0000000100000000)
  region size 1024K, 60 young (61440K), 6 survivors (6144K)
 Metaspace       used 127059K, committed 127936K, reserved 1179648K
  class space    used 17848K, committed 18240K, reserved 1048576K
}
Event: 32.327 GC heap after
{Heap after GC invocations=95 (full 0):
 garbage-first heap   total 390144K, used 279907K [0x0000000080000000, 0x0000000100000000)
  region size 1024K, 8 young (8192K), 8 survivors (8192K)
 Metaspace       used 127059K, committed 127936K, reserved 1179648K
  class space    used 17848K, committed 18240K, reserved 1048576K
}
Event: 32.528 GC heap before
{Heap before GC invocations=95 (full 0):
 garbage-first heap   total 390144K, used 316771K [0x0000000080000000, 0x0000000100000000)
  region size 1024K, 42 young (43008K), 8 survivors (8192K)
 Metaspace       used 127059K, committed 127936K, reserved 1179648K
  class space    used 17848K, committed 18240K, reserved 1048576K
}
Event: 32.542 GC heap after
{Heap after GC invocations=96 (full 0):
 garbage-first heap   total 390144K, used 293581K [0x0000000080000000, 0x0000000100000000)
  region size 1024K, 6 young (6144K), 6 survivors (6144K)
 Metaspace       used 127059K, committed 127936K, reserved 1179648K
  class space    used 17848K, committed 18240K, reserved 1048576K
}

