# JRE version: OpenJDK Runtime Environment (17.0.7) (build 17.0.7+0-b2043.56-10550314)
# Java VM: OpenJDK 64-Bit Server VM (17.0.7+0-b2043.56-10550314, mixed mode, tiered, compressed oops, compressed class ptrs, g1 gc, windows-amd64)
GC Precious Log:
 CPUs: 12 total, 12 available
 Memory: 7563M
 Large Page Support: Disabled
 NUMA Support: Disabled
 Compressed Oops: Enabled (32-bit)
 Heap Region Size: 1M
 Heap Min Capacity: 8M
 Heap Initial Capacity: 120M
 Heap Max Capacity: 2G
 Pre-touch: Disabled
 Parallel Workers: 10
 Concurrent Workers: 3
 Concurrent Refinement Workers: 10
 Periodic GC: Disabled
Heap:
 garbage-first heap   total 171008K, used 110550K [0x0000000080000000, 0x0000000100000000)
  region size 1024K, 6 young (6144K), 6 survivors (6144K)
 Metaspace       used 102106K, committed 102784K, reserved 1179648K
  class space    used 14020K, committed 14336K, reserved 1048576K
GC Heap History (20 events):
Event: 13.117 GC heap after
{Heap after GC invocations=47 (full 0):
 garbage-first heap   total 171008K, used 76729K [0x0000000080000000, 0x0000000100000000)
  region size 1024K, 2 young (2048K), 2 survivors (2048K)
 Metaspace       used 77450K, committed 78016K, reserved 1179648K
  class space    used 10374K, committed 10688K, reserved 1048576K
}
Event: 13.993 GC heap before
{Heap before GC invocations=48 (full 0):
 garbage-first heap   total 171008K, used 128953K [0x0000000080000000, 0x0000000100000000)
  region size 1024K, 53 young (54272K), 2 survivors (2048K)
 Metaspace       used 80272K, committed 80896K, reserved 1179648K
  class space    used 10740K, committed 11072K, reserved 1048576K
}
Event: 13.997 GC heap after
{Heap after GC invocations=49 (full 0):
 garbage-first heap   total 171008K, used 80953K [0x0000000080000000, 0x0000000100000000)
  region size 1024K, 7 young (7168K), 7 survivors (7168K)
 Metaspace       used 80272K, committed 80896K, reserved 1179648K
  class space    used 10740K, committed 11072K, reserved 1048576K
}
Event: 14.006 GC heap before
{Heap before GC invocations=49 (full 0):
 garbage-first heap   total 171008K, used 80953K [0x0000000080000000, 0x0000000100000000)
  region size 1024K, 8 young (8192K), 7 survivors (7168K)
 Metaspace       used 80352K, committed 80960K, reserved 1179648K
  class space    used 10751K, committed 11072K, reserved 1048576K
}
Event: 14.010 GC heap after
{Heap after GC invocations=50 (full 0):
 garbage-first heap   total 171008K, used 81399K [0x0000000080000000, 0x0000000100000000)
  region size 1024K, 1 young (1024K), 1 survivors (1024K)
 Metaspace       used 80352K, committed 80960K, reserved 1179648K
  class space    used 10751K, committed 11072K, reserved 1048576K
}
Event: 14.777 GC heap before
{Heap before GC invocations=50 (full 0):
 garbage-first heap   total 171008K, used 134647K [0x0000000080000000, 0x0000000100000000)
  region size 1024K, 53 young (54272K), 1 survivors (1024K)
 Metaspace       used 84444K, committed 85056K, reserved 1179648K
  class space    used 11473K, committed 11776K, reserved 1048576K
}
Event: 14.779 GC heap after
{Heap after GC invocations=51 (full 0):
 garbage-first heap   total 171008K, used 82250K [0x0000000080000000, 0x0000000100000000)
  region size 1024K, 2 young (2048K), 2 survivors (2048K)
 Metaspace       used 84444K, committed 85056K, reserved 1179648K
  class space    used 11473K, committed 11776K, reserved 1048576K
}
Event: 15.628 GC heap before
{Heap before GC invocations=52 (full 0):
 garbage-first heap   total 171008K, used 137546K [0x0000000080000000, 0x0000000100000000)
  region size 1024K, 56 young (57344K), 2 survivors (2048K)
 Metaspace       used 88429K, committed 89088K, reserved 1179648K
  class space    used 12099K, committed 12416K, reserved 1048576K
}
Event: 15.632 GC heap after
{Heap after GC invocations=53 (full 0):
 garbage-first heap   total 171008K, used 85045K [0x0000000080000000, 0x0000000100000000)
  region size 1024K, 5 young (5120K), 5 survivors (5120K)
 Metaspace       used 88429K, committed 89088K, reserved 1179648K
  class space    used 12099K, committed 12416K, reserved 1048576K
}
Event: 15.657 GC heap before
{Heap before GC invocations=53 (full 0):
 garbage-first heap   total 171008K, used 88117K [0x0000000080000000, 0x0000000100000000)
  region size 1024K, 8 young (8192K), 5 survivors (5120K)
 Metaspace       used 88513K, committed 89216K, reserved 1179648K
  class space    used 12117K, committed 12480K, reserved 1048576K
}
Event: 15.660 GC heap after
{Heap after GC invocations=54 (full 0):
 garbage-first heap   total 171008K, used 85594K [0x0000000080000000, 0x0000000100000000)
  region size 1024K, 1 young (1024K), 1 survivors (1024K)
 Metaspace       used 88513K, committed 89216K, reserved 1179648K
  class space    used 12117K, committed 12480K, reserved 1048576K
}
Event: 16.438 GC heap before
{Heap before GC invocations=54 (full 0):
 garbage-first heap   total 171008K, used 138842K [0x0000000080000000, 0x0000000100000000)
  region size 1024K, 53 young (54272K), 1 survivors (1024K)
 Metaspace       used 93096K, committed 93760K, reserved 1179648K
  class space    used 12817K, committed 13120K, reserved 1048576K
}
Event: 16.441 GC heap after
{Heap after GC invocations=55 (full 0):
 garbage-first heap   total 171008K, used 87989K [0x0000000080000000, 0x0000000100000000)
  region size 1024K, 4 young (4096K), 4 survivors (4096K)
 Metaspace       used 93096K, committed 93760K, reserved 1179648K
  class space    used 12817K, committed 13120K, reserved 1048576K
}
Event: 17.118 GC heap before
{Heap before GC invocations=55 (full 0):
 garbage-first heap   total 171008K, used 140213K [0x0000000080000000, 0x0000000100000000)
  region size 1024K, 55 young (56320K), 4 survivors (4096K)
 Metaspace       used 97346K, committed 97984K, reserved 1179648K
  class space    used 13390K, committed 13696K, reserved 1048576K
}
Event: 17.122 GC heap after
{Heap after GC invocations=56 (full 0):
 garbage-first heap   total 171008K, used 91623K [0x0000000080000000, 0x0000000100000000)
  region size 1024K, 7 young (7168K), 7 survivors (7168K)
 Metaspace       used 97346K, committed 97984K, reserved 1179648K
  class space    used 13390K, committed 13696K, reserved 1048576K
}
Event: 17.510 GC heap before
{Heap before GC invocations=56 (full 0):
 garbage-first heap   total 171008K, used 140775K [0x0000000080000000, 0x0000000100000000)
  region size 1024K, 55 young (56320K), 7 survivors (7168K)
 Metaspace       used 98192K, committed 98944K, reserved 1179648K
  class space    used 13492K, committed 13824K, reserved 1048576K
}
Event: 17.518 GC heap after
{Heap after GC invocations=57 (full 0):
 garbage-first heap   total 171008K, used 98488K [0x0000000080000000, 0x0000000100000000)
  region size 1024K, 7 young (7168K), 7 survivors (7168K)
 Metaspace       used 98192K, committed 98944K, reserved 1179648K
  class space    used 13492K, committed 13824K, reserved 1048576K
}
Event: 17.981 GC heap before
{Heap before GC invocations=57 (full 0):
 garbage-first heap   total 171008K, used 144568K [0x0000000080000000, 0x0000000100000000)
  region size 1024K, 48 young (49152K), 7 survivors (7168K)
 Metaspace       used 101207K, committed 101952K, reserved 1179648K
  class space    used 13860K, committed 14208K, reserved 1048576K
}
Event: 17.987 GC heap after
{Heap after GC invocations=58 (full 0):
 garbage-first heap   total 171008K, used 104771K [0x0000000080000000, 0x0000000100000000)
  region size 1024K, 6 young (6144K), 6 survivors (6144K)
 Metaspace       used 101207K, committed 101952K, reserved 1179648K
  class space    used 13860K, committed 14208K, reserved 1048576K
}
Event: 18.499 GC heap before
{Heap before GC invocations=58 (full 0):
 garbage-first heap   total 171008K, used 139587K [0x0000000080000000, 0x0000000100000000)
  region size 1024K, 41 young (41984K), 6 survivors (6144K)
 Metaspace       used 102106K, committed 102784K, reserved 1179648K
  class space    used 14020K, committed 14336K, reserved 1048576K
}

