# JRE version: OpenJDK Runtime Environment (17.0.7) (build 17.0.7+0-b2043.56-10550314)
# Java VM: OpenJDK 64-Bit Server VM (17.0.7+0-b2043.56-10550314, mixed mode, tiered, compressed oops, compressed class ptrs, g1 gc, windows-amd64)
GC Precious Log:
 CPUs: 12 total, 12 available
 Memory: 7563M
 Large Page Support: Disabled
 NUMA Support: Disabled
 Compressed Oops: Enabled (32-bit)
 Heap Region Size: 1M
 Heap Min Capacity: 8M
 Heap Initial Capacity: 120M
 Heap Max Capacity: 1892M
 Pre-touch: Disabled
 Parallel Workers: 10
 Concurrent Workers: 3
 Concurrent Refinement Workers: 10
 Periodic GC: Disabled
Heap:
 garbage-first heap   total 177152K, used 80384K [0x0000000089c00000, 0x0000000100000000)
  region size 1024K, 3 young (3072K), 3 survivors (3072K)
 Metaspace       used 80495K, committed 80704K, reserved 1179648K
  class space    used 8432K, committed 8512K, reserved 1048576K
GC Heap History (20 events):
Event: 42.573 GC heap after
{Heap after GC invocations=31 (full 0):
 garbage-first heap   total 177152K, used 47510K [0x0000000089c00000, 0x0000000100000000)
  region size 1024K, 3 young (3072K), 3 survivors (3072K)
 Metaspace       used 50047K, committed 50304K, reserved 1114112K
  class space    used 5827K, committed 5952K, reserved 1048576K
}
Event: 67.776 GC heap before
{Heap before GC invocations=32 (full 0):
 garbage-first heap   total 163840K, used 143766K [0x0000000089c00000, 0x0000000100000000)
  region size 1024K, 96 young (98304K), 3 survivors (3072K)
 Metaspace       used 56034K, committed 56256K, reserved 1114112K
  class space    used 6255K, committed 6400K, reserved 1048576K
}
Event: 67.903 GC heap after
{Heap after GC invocations=33 (full 0):
 garbage-first heap   total 163840K, used 59325K [0x0000000089c00000, 0x0000000100000000)
  region size 1024K, 12 young (12288K), 12 survivors (12288K)
 Metaspace       used 56034K, committed 56256K, reserved 1114112K
  class space    used 6255K, committed 6400K, reserved 1048576K
}
Event: 68.026 GC heap before
{Heap before GC invocations=33 (full 0):
 garbage-first heap   total 163840K, used 60349K [0x0000000089c00000, 0x0000000100000000)
  region size 1024K, 13 young (13312K), 12 survivors (12288K)
 Metaspace       used 56044K, committed 56320K, reserved 1114112K
  class space    used 6255K, committed 6400K, reserved 1048576K
}
Event: 68.069 GC heap after
{Heap after GC invocations=34 (full 0):
 garbage-first heap   total 163840K, used 60709K [0x0000000089c00000, 0x0000000100000000)
  region size 1024K, 2 young (2048K), 2 survivors (2048K)
 Metaspace       used 56044K, committed 56320K, reserved 1114112K
  class space    used 6255K, committed 6400K, reserved 1048576K
}
Event: 88.641 GC heap before
{Heap before GC invocations=34 (full 0):
 garbage-first heap   total 163840K, used 120101K [0x0000000089c00000, 0x0000000100000000)
  region size 1024K, 60 young (61440K), 2 survivors (2048K)
 Metaspace       used 59986K, committed 60224K, reserved 1114112K
  class space    used 6636K, committed 6720K, reserved 1048576K
}
Event: 88.690 GC heap after
{Heap after GC invocations=35 (full 0):
 garbage-first heap   total 163840K, used 64463K [0x0000000089c00000, 0x0000000100000000)
  region size 1024K, 6 young (6144K), 6 survivors (6144K)
 Metaspace       used 59986K, committed 60224K, reserved 1114112K
  class space    used 6636K, committed 6720K, reserved 1048576K
}
Event: 94.283 GC heap before
{Heap before GC invocations=35 (full 0):
 garbage-first heap   total 163840K, used 123855K [0x0000000089c00000, 0x0000000100000000)
  region size 1024K, 64 young (65536K), 6 survivors (6144K)
 Metaspace       used 65974K, committed 66240K, reserved 1114112K
  class space    used 7246K, committed 7360K, reserved 1048576K
}
Event: 94.350 GC heap after
{Heap after GC invocations=36 (full 0):
 garbage-first heap   total 163840K, used 72505K [0x0000000089c00000, 0x0000000100000000)
  region size 1024K, 8 young (8192K), 8 survivors (8192K)
 Metaspace       used 65974K, committed 66240K, reserved 1114112K
  class space    used 7246K, committed 7360K, reserved 1048576K
}
Event: 95.748 GC heap before
{Heap before GC invocations=37 (full 0):
 garbage-first heap   total 163840K, used 127801K [0x0000000089c00000, 0x0000000100000000)
  region size 1024K, 62 young (63488K), 8 survivors (8192K)
 Metaspace       used 73764K, committed 73984K, reserved 1179648K
  class space    used 7956K, committed 8064K, reserved 1048576K
}
Event: 95.776 GC heap after
{Heap after GC invocations=38 (full 0):
 garbage-first heap   total 163840K, used 78115K [0x0000000089c00000, 0x0000000100000000)
  region size 1024K, 6 young (6144K), 6 survivors (6144K)
 Metaspace       used 73764K, committed 73984K, reserved 1179648K
  class space    used 7956K, committed 8064K, reserved 1048576K
}
Event: 95.826 GC heap before
{Heap before GC invocations=38 (full 0):
 garbage-first heap   total 163840K, used 80163K [0x0000000089c00000, 0x0000000100000000)
  region size 1024K, 8 young (8192K), 6 survivors (6144K)
 Metaspace       used 73892K, committed 74112K, reserved 1179648K
  class space    used 7968K, committed 8064K, reserved 1048576K
}
Event: 95.839 GC heap after
{Heap after GC invocations=39 (full 0):
 garbage-first heap   total 163840K, used 78262K [0x0000000089c00000, 0x0000000100000000)
  region size 1024K, 1 young (1024K), 1 survivors (1024K)
 Metaspace       used 73892K, committed 74112K, reserved 1179648K
  class space    used 7968K, committed 8064K, reserved 1048576K
}
Event: 96.288 GC heap before
{Heap before GC invocations=39 (full 0):
 garbage-first heap   total 163840K, used 129462K [0x0000000089c00000, 0x0000000100000000)
  region size 1024K, 51 young (52224K), 1 survivors (1024K)
 Metaspace       used 74770K, committed 75008K, reserved 1179648K
  class space    used 8007K, committed 8128K, reserved 1048576K
}
Event: 96.294 GC heap after
{Heap after GC invocations=40 (full 0):
 garbage-first heap   total 163840K, used 78668K [0x0000000089c00000, 0x0000000100000000)
  region size 1024K, 2 young (2048K), 2 survivors (2048K)
 Metaspace       used 74770K, committed 75008K, reserved 1179648K
  class space    used 8007K, committed 8128K, reserved 1048576K
}
Event: 97.269 GC heap before
{Heap before GC invocations=41 (full 0):
 garbage-first heap   total 163840K, used 131916K [0x0000000089c00000, 0x0000000100000000)
  region size 1024K, 54 young (55296K), 2 survivors (2048K)
 Metaspace       used 79405K, committed 79680K, reserved 1179648K
  class space    used 8389K, committed 8512K, reserved 1048576K
}
Event: 97.277 GC heap after
{Heap after GC invocations=42 (full 0):
 garbage-first heap   total 163840K, used 80754K [0x0000000089c00000, 0x0000000100000000)
  region size 1024K, 4 young (4096K), 4 survivors (4096K)
 Metaspace       used 79405K, committed 79680K, reserved 1179648K
  class space    used 8389K, committed 8512K, reserved 1048576K
}
Event: 97.329 GC heap before
{Heap before GC invocations=42 (full 0):
 garbage-first heap   total 163840K, used 84850K [0x0000000089c00000, 0x0000000100000000)
  region size 1024K, 8 young (8192K), 4 survivors (4096K)
 Metaspace       used 79461K, committed 79744K, reserved 1179648K
  class space    used 8389K, committed 8512K, reserved 1048576K
}
Event: 97.336 GC heap after
{Heap after GC invocations=43 (full 0):
 garbage-first heap   total 163840K, used 80433K [0x0000000089c00000, 0x0000000100000000)
  region size 1024K, 1 young (1024K), 1 survivors (1024K)
 Metaspace       used 79461K, committed 79744K, reserved 1179648K
  class space    used 8389K, committed 8512K, reserved 1048576K
}
Event: 98.265 GC heap before
{Heap before GC invocations=43 (full 0):
 garbage-first heap   total 163840K, used 133681K [0x0000000089c00000, 0x0000000100000000)
  region size 1024K, 53 young (54272K), 1 survivors (1024K)
 Metaspace       used 80495K, committed 80704K, reserved 1179648K
  class space    used 8432K, committed 8512K, reserved 1048576K
}

