# JRE version: OpenJDK Runtime Environment (17.0.7) (build 17.0.7+0-b2043.56-10550314)
# Java VM: OpenJDK 64-Bit Server VM (17.0.7+0-b2043.56-10550314, mixed mode, tiered, compressed oops, compressed class ptrs, g1 gc, windows-amd64)
GC Precious Log:
 CPUs: 12 total, 12 available
 Memory: 7563M
 Large Page Support: Disabled
 NUMA Support: Disabled
 Compressed Oops: Enabled (32-bit)
 Heap Region Size: 1M
 Heap Min Capacity: 8M
 Heap Initial Capacity: 120M
 Heap Max Capacity: 2G
 Pre-touch: Disabled
 Parallel Workers: 10
 Concurrent Workers: 3
 Concurrent Refinement Workers: 10
 Periodic GC: Disabled
Heap:
 garbage-first heap   total 242688K, used 197371K [0x0000000080000000, 0x0000000100000000)
  region size 1024K, 2 young (2048K), 2 survivors (2048K)
 Metaspace       used 113596K, committed 114368K, reserved 1179648K
  class space    used 15377K, committed 15744K, reserved 1048576K
GC Heap History (20 events):
Event: 27.480 GC heap after
{Heap after GC invocations=67 (full 0):
 garbage-first heap   total 196608K, used 142882K [0x0000000080000000, 0x0000000100000000)
  region size 1024K, 3 young (3072K), 3 survivors (3072K)
 Metaspace       used 111807K, committed 112640K, reserved 1179648K
  class space    used 15239K, committed 15680K, reserved 1048576K
}
Event: 27.943 GC heap before
{Heap before GC invocations=68 (full 0):
 garbage-first heap   total 242688K, used 160290K [0x0000000080000000, 0x0000000100000000)
  region size 1024K, 21 young (21504K), 3 survivors (3072K)
 Metaspace       used 111909K, committed 112768K, reserved 1179648K
  class space    used 15234K, committed 15680K, reserved 1048576K
}
Event: 27.947 GC heap after
{Heap after GC invocations=69 (full 0):
 garbage-first heap   total 242688K, used 148635K [0x0000000080000000, 0x0000000100000000)
  region size 1024K, 3 young (3072K), 3 survivors (3072K)
 Metaspace       used 111909K, committed 112768K, reserved 1179648K
  class space    used 15234K, committed 15680K, reserved 1048576K
}
Event: 28.118 GC heap before
{Heap before GC invocations=69 (full 0):
 garbage-first heap   total 242688K, used 156827K [0x0000000080000000, 0x0000000100000000)
  region size 1024K, 11 young (11264K), 3 survivors (3072K)
 Metaspace       used 111918K, committed 112768K, reserved 1179648K
  class space    used 15234K, committed 15680K, reserved 1048576K
}
Event: 28.123 GC heap after
{Heap after GC invocations=70 (full 0):
 garbage-first heap   total 242688K, used 150734K [0x0000000080000000, 0x0000000100000000)
  region size 1024K, 2 young (2048K), 2 survivors (2048K)
 Metaspace       used 111918K, committed 112768K, reserved 1179648K
  class space    used 15234K, committed 15680K, reserved 1048576K
}
Event: 28.647 GC heap before
{Heap before GC invocations=70 (full 0):
 garbage-first heap   total 242688K, used 200910K [0x0000000080000000, 0x0000000100000000)
  region size 1024K, 42 young (43008K), 2 survivors (2048K)
 Metaspace       used 112035K, committed 112832K, reserved 1179648K
  class space    used 15239K, committed 15680K, reserved 1048576K
}
Event: 28.655 GC heap after
{Heap after GC invocations=71 (full 0):
 garbage-first heap   total 242688K, used 172431K [0x0000000080000000, 0x0000000100000000)
  region size 1024K, 6 young (6144K), 6 survivors (6144K)
 Metaspace       used 112035K, committed 112832K, reserved 1179648K
  class space    used 15239K, committed 15680K, reserved 1048576K
}
Event: 29.031 GC heap before
{Heap before GC invocations=71 (full 0):
 garbage-first heap   total 242688K, used 203151K [0x0000000080000000, 0x0000000100000000)
  region size 1024K, 28 young (28672K), 6 survivors (6144K)
 Metaspace       used 112426K, committed 113216K, reserved 1179648K
  class space    used 15272K, committed 15680K, reserved 1048576K
}
Event: 29.037 GC heap after
{Heap after GC invocations=72 (full 0):
 garbage-first heap   total 242688K, used 176902K [0x0000000080000000, 0x0000000100000000)
  region size 1024K, 3 young (3072K), 3 survivors (3072K)
 Metaspace       used 112426K, committed 113216K, reserved 1179648K
  class space    used 15272K, committed 15680K, reserved 1048576K
}
Event: 29.504 GC heap before
{Heap before GC invocations=72 (full 0):
 garbage-first heap   total 242688K, used 199430K [0x0000000080000000, 0x0000000100000000)
  region size 1024K, 25 young (25600K), 3 survivors (3072K)
 Metaspace       used 112509K, committed 113280K, reserved 1179648K
  class space    used 15274K, committed 15680K, reserved 1048576K
}
Event: 29.511 GC heap after
{Heap after GC invocations=73 (full 0):
 garbage-first heap   total 242688K, used 181108K [0x0000000080000000, 0x0000000100000000)
  region size 1024K, 4 young (4096K), 4 survivors (4096K)
 Metaspace       used 112509K, committed 113280K, reserved 1179648K
  class space    used 15274K, committed 15680K, reserved 1048576K
}
Event: 29.720 GC heap before
{Heap before GC invocations=73 (full 0):
 garbage-first heap   total 242688K, used 215924K [0x0000000080000000, 0x0000000100000000)
  region size 1024K, 22 young (22528K), 4 survivors (4096K)
 Metaspace       used 112547K, committed 113344K, reserved 1179648K
  class space    used 15277K, committed 15680K, reserved 1048576K
}
Event: 29.725 GC heap after
{Heap after GC invocations=74 (full 0):
 garbage-first heap   total 242688K, used 195406K [0x0000000080000000, 0x0000000100000000)
  region size 1024K, 3 young (3072K), 3 survivors (3072K)
 Metaspace       used 112547K, committed 113344K, reserved 1179648K
  class space    used 15277K, committed 15680K, reserved 1048576K
}
Event: 29.831 GC heap before
{Heap before GC invocations=74 (full 0):
 garbage-first heap   total 242688K, used 215886K [0x0000000080000000, 0x0000000100000000)
  region size 1024K, 13 young (13312K), 3 survivors (3072K)
 Metaspace       used 112912K, committed 113792K, reserved 1179648K
  class space    used 15307K, committed 15744K, reserved 1048576K
}
Event: 29.834 GC heap after
{Heap after GC invocations=75 (full 0):
 garbage-first heap   total 242688K, used 189644K [0x0000000080000000, 0x0000000100000000)
  region size 1024K, 2 young (2048K), 2 survivors (2048K)
 Metaspace       used 112912K, committed 113792K, reserved 1179648K
  class space    used 15307K, committed 15744K, reserved 1048576K
}
Event: 29.865 GC heap before
{Heap before GC invocations=75 (full 0):
 garbage-first heap   total 242688K, used 203980K [0x0000000080000000, 0x0000000100000000)
  region size 1024K, 17 young (17408K), 2 survivors (2048K)
 Metaspace       used 112946K, committed 113792K, reserved 1179648K
  class space    used 15309K, committed 15744K, reserved 1048576K
}
Event: 29.867 GC heap after
{Heap after GC invocations=76 (full 0):
 garbage-first heap   total 242688K, used 192320K [0x0000000080000000, 0x0000000100000000)
  region size 1024K, 3 young (3072K), 3 survivors (3072K)
 Metaspace       used 112946K, committed 113792K, reserved 1179648K
  class space    used 15309K, committed 15744K, reserved 1048576K
}
Event: 29.901 GC heap before
{Heap before GC invocations=76 (full 0):
 garbage-first heap   total 242688K, used 205632K [0x0000000080000000, 0x0000000100000000)
  region size 1024K, 17 young (17408K), 3 survivors (3072K)
 Metaspace       used 113155K, committed 113984K, reserved 1179648K
  class space    used 15321K, committed 15744K, reserved 1048576K
}
Event: 29.904 GC heap after
{Heap after GC invocations=77 (full 0):
 garbage-first heap   total 242688K, used 195042K [0x0000000080000000, 0x0000000100000000)
  region size 1024K, 3 young (3072K), 3 survivors (3072K)
 Metaspace       used 113155K, committed 113984K, reserved 1179648K
  class space    used 15321K, committed 15744K, reserved 1048576K
}
Event: 29.948 GC heap before
{Heap before GC invocations=77 (full 0):
 garbage-first heap   total 242688K, used 207330K [0x0000000080000000, 0x0000000100000000)
  region size 1024K, 15 young (15360K), 3 survivors (3072K)
 Metaspace       used 113596K, committed 114368K, reserved 1179648K
  class space    used 15377K, committed 15744K, reserved 1048576K
}

