# JRE version: OpenJDK Runtime Environment (17.0.7) (build 17.0.7+0-b2043.56-10550314)
# Java VM: OpenJDK 64-Bit Server VM (17.0.7+0-b2043.56-10550314, mixed mode, tiered, compressed oops, compressed class ptrs, g1 gc, windows-amd64)
GC Precious Log:
 CPUs: 12 total, 12 available
 Memory: 7563M
 Large Page Support: Disabled
 NUMA Support: Disabled
 Compressed Oops: Enabled (32-bit)
 Heap Region Size: 1M
 Heap Min Capacity: 8M
 Heap Initial Capacity: 120M
 Heap Max Capacity: 2G
 Pre-touch: Disabled
 Parallel Workers: 10
 Concurrent Workers: 3
 Concurrent Refinement Workers: 10
 Periodic GC: Disabled
Heap:
 garbage-first heap   total 168960K, used 106194K [0x0000000080000000, 0x0000000100000000)
  region size 1024K, 7 young (7168K), 1 survivors (1024K)
 Metaspace       used 103897K, committed 104512K, reserved 1179648K
  class space    used 14209K, committed 14528K, reserved 1048576K
GC Heap History (20 events):
Event: 33.531 GC heap before
{Heap before GC invocations=25 (full 0):
 garbage-first heap   total 168960K, used 127765K [0x0000000080000000, 0x0000000100000000)
  region size 1024K, 54 young (55296K), 6 survivors (6144K)
 Metaspace       used 86151K, committed 86784K, reserved 1179648K
  class space    used 11505K, committed 11776K, reserved 1048576K
}
Event: 33.536 GC heap after
{Heap after GC invocations=26 (full 0):
 garbage-first heap   total 168960K, used 82473K [0x0000000080000000, 0x0000000100000000)
  region size 1024K, 6 young (6144K), 6 survivors (6144K)
 Metaspace       used 86151K, committed 86784K, reserved 1179648K
  class space    used 11505K, committed 11776K, reserved 1048576K
}
Event: 33.918 GC heap before
{Heap before GC invocations=26 (full 0):
 garbage-first heap   total 168960K, used 99881K [0x0000000080000000, 0x0000000100000000)
  region size 1024K, 24 young (24576K), 6 survivors (6144K)
 Metaspace       used 87397K, committed 88000K, reserved 1179648K
  class space    used 11693K, committed 11968K, reserved 1048576K
}
Event: 33.924 GC heap after
{Heap after GC invocations=27 (full 0):
 garbage-first heap   total 168960K, used 83659K [0x0000000080000000, 0x0000000100000000)
  region size 1024K, 5 young (5120K), 5 survivors (5120K)
 Metaspace       used 87397K, committed 88000K, reserved 1179648K
  class space    used 11693K, committed 11968K, reserved 1048576K
}
Event: 35.141 GC heap before
{Heap before GC invocations=28 (full 0):
 garbage-first heap   total 168960K, used 134859K [0x0000000080000000, 0x0000000100000000)
  region size 1024K, 54 young (55296K), 5 survivors (5120K)
 Metaspace       used 91295K, committed 91904K, reserved 1179648K
  class space    used 12434K, committed 12736K, reserved 1048576K
}
Event: 35.145 GC heap after
{Heap after GC invocations=29 (full 0):
 garbage-first heap   total 168960K, used 85223K [0x0000000080000000, 0x0000000100000000)
  region size 1024K, 3 young (3072K), 3 survivors (3072K)
 Metaspace       used 91295K, committed 91904K, reserved 1179648K
  class space    used 12434K, committed 12736K, reserved 1048576K
}
Event: 35.354 GC heap before
{Heap before GC invocations=29 (full 0):
 garbage-first heap   total 168960K, used 89319K [0x0000000080000000, 0x0000000100000000)
  region size 1024K, 8 young (8192K), 3 survivors (3072K)
 Metaspace       used 91673K, committed 92288K, reserved 1179648K
  class space    used 12481K, committed 12800K, reserved 1048576K
}
Event: 35.357 GC heap after
{Heap after GC invocations=30 (full 0):
 garbage-first heap   total 168960K, used 85290K [0x0000000080000000, 0x0000000100000000)
  region size 1024K, 1 young (1024K), 1 survivors (1024K)
 Metaspace       used 91673K, committed 92288K, reserved 1179648K
  class space    used 12481K, committed 12800K, reserved 1048576K
}
Event: 37.665 GC heap before
{Heap before GC invocations=30 (full 0):
 garbage-first heap   total 168960K, used 136490K [0x0000000080000000, 0x0000000100000000)
  region size 1024K, 51 young (52224K), 1 survivors (1024K)
 Metaspace       used 95680K, committed 96256K, reserved 1179648K
  class space    used 13080K, committed 13376K, reserved 1048576K
}
Event: 37.670 GC heap after
{Heap after GC invocations=31 (full 0):
 garbage-first heap   total 168960K, used 88190K [0x0000000080000000, 0x0000000100000000)
  region size 1024K, 4 young (4096K), 4 survivors (4096K)
 Metaspace       used 95680K, committed 96256K, reserved 1179648K
  class space    used 13080K, committed 13376K, reserved 1048576K
}
Event: 40.511 GC heap before
{Heap before GC invocations=32 (full 0):
 garbage-first heap   total 168960K, used 137342K [0x0000000080000000, 0x0000000100000000)
  region size 1024K, 52 young (53248K), 4 survivors (4096K)
 Metaspace       used 99416K, committed 100096K, reserved 1179648K
  class space    used 13676K, committed 14016K, reserved 1048576K
}
Event: 40.515 GC heap after
{Heap after GC invocations=33 (full 0):
 garbage-first heap   total 168960K, used 90814K [0x0000000080000000, 0x0000000100000000)
  region size 1024K, 6 young (6144K), 6 survivors (6144K)
 Metaspace       used 99416K, committed 100096K, reserved 1179648K
  class space    used 13676K, committed 14016K, reserved 1048576K
}
Event: 40.681 GC heap before
{Heap before GC invocations=33 (full 0):
 garbage-first heap   total 168960K, used 91838K [0x0000000080000000, 0x0000000100000000)
  region size 1024K, 8 young (8192K), 6 survivors (6144K)
 Metaspace       used 99847K, committed 100544K, reserved 1179648K
  class space    used 13728K, committed 14080K, reserved 1048576K
}
Event: 40.686 GC heap after
{Heap after GC invocations=34 (full 0):
 garbage-first heap   total 168960K, used 91064K [0x0000000080000000, 0x0000000100000000)
  region size 1024K, 1 young (1024K), 1 survivors (1024K)
 Metaspace       used 99847K, committed 100544K, reserved 1179648K
  class space    used 13728K, committed 14080K, reserved 1048576K
}
Event: 42.256 GC heap before
{Heap before GC invocations=34 (full 0):
 garbage-first heap   total 168960K, used 140216K [0x0000000080000000, 0x0000000100000000)
  region size 1024K, 49 young (50176K), 1 survivors (1024K)
 Metaspace       used 103265K, committed 103872K, reserved 1179648K
  class space    used 14162K, committed 14464K, reserved 1048576K
}
Event: 42.260 GC heap after
{Heap after GC invocations=35 (full 0):
 garbage-first heap   total 168960K, used 94056K [0x0000000080000000, 0x0000000100000000)
  region size 1024K, 4 young (4096K), 4 survivors (4096K)
 Metaspace       used 103265K, committed 103872K, reserved 1179648K
  class space    used 14162K, committed 14464K, reserved 1048576K
}
Event: 43.115 GC heap before
{Heap before GC invocations=36 (full 0):
 garbage-first heap   total 168960K, used 139112K [0x0000000080000000, 0x0000000100000000)
  region size 1024K, 49 young (50176K), 4 survivors (4096K)
 Metaspace       used 103506K, committed 104192K, reserved 1179648K
  class space    used 14184K, committed 14528K, reserved 1048576K
}
Event: 43.123 GC heap after
{Heap after GC invocations=37 (full 0):
 garbage-first heap   total 168960K, used 101444K [0x0000000080000000, 0x0000000100000000)
  region size 1024K, 7 young (7168K), 7 survivors (7168K)
 Metaspace       used 103506K, committed 104192K, reserved 1179648K
  class space    used 14184K, committed 14528K, reserved 1048576K
}
Event: 43.125 GC heap before
{Heap before GC invocations=37 (full 0):
 garbage-first heap   total 168960K, used 101444K [0x0000000080000000, 0x0000000100000000)
  region size 1024K, 8 young (8192K), 7 survivors (7168K)
 Metaspace       used 103506K, committed 104192K, reserved 1179648K
  class space    used 14184K, committed 14528K, reserved 1048576K
}
Event: 43.129 GC heap after
{Heap after GC invocations=38 (full 0):
 garbage-first heap   total 168960K, used 102098K [0x0000000080000000, 0x0000000100000000)
  region size 1024K, 1 young (1024K), 1 survivors (1024K)
 Metaspace       used 103506K, committed 104192K, reserved 1179648K
  class space    used 14184K, committed 14528K, reserved 1048576K
}

